<?xml version="1.0" encoding="UTF-8"?>
<!-- Generated by org.testng.reporters.JUnitReportReporter -->
<testsuite hostname="LAPTOP-HELD9GSD" failures="0" tests="1" name="com.nopcommerce.Test.TC_nopcommerce_Test_003" time="38.367" errors="0" timestamp="2022-06-07T07:22:49 IST" skipped="0">
  <testcase classname="com.nopcommerce.Test.TC_nopcommerce_Test_003" name="loginTest" time="38.367"/>
  <system-out/>
</testsuite> <!-- com.nopcommerce.Test.TC_nopcommerce_Test_003 -->
