<?xml version="1.0" encoding="UTF-8"?>
<!-- Generated by org.testng.reporters.JUnitReportReporter -->
<testsuite hostname="LAPTOP-HELD9GSD" failures="0" tests="1" name="com.nopcommerce.Test.TC_nopcommerce_login_001" time="30.632" errors="0" timestamp="2022-06-06T07:49:05 IST" skipped="0">
  <testcase classname="com.nopcommerce.Test.TC_nopcommerce_login_001" name="loginTest" time="30.632"/>
  <system-out/>
</testsuite> <!-- com.nopcommerce.Test.TC_nopcommerce_login_001 -->
